[14/12/2017 04:22] Frantic(141955699461718016) deleted 17 messages in channel cleanup_test
[14/12/2017 04:23] Frantic(141955699461718016) deleted 10 messages in channel cleanup_test
[14/12/2017 04:23] Frantic(141955699461718016) deleted 5 messages in channel cleanup_test
[14/12/2017 04:27] Frantic(141955699461718016) deleted 13 messages in channel cleanup_test
[14/12/2017 04:28] Frantic(141955699461718016) deleted 13 messages in channel cleanup_test
[14/12/2017 04:28] Frantic(141955699461718016) deleted 7 messages in channel cleanup_test
[14/12/2017 04:29] Frantic(141955699461718016) deleted 2 messages in channel cleanup_test
[14/12/2017 04:29] Frantic(141955699461718016) deleted 4 messages in channel cleanup_test
[14/12/2017 04:40] Frantic(141955699461718016) deleted 19 messages  made by Frantic(141955699461718016) in channel cleanup_test
[14/12/2017 11:29] Frantic(141955699461718016) deleted 100 messages in channel eft-trade
[14/12/2017 12:34] Frantic(141955699461718016) deleted 589 messages in channel reddit-market
[15/12/2017 11:29] Frantic(141955699461718016) deleted 64 messages in channel eft-trade
[15/12/2017 11:55] Frantic(141955699461718016) deleted 2000 messages in channel botconsole
[16/12/2017 00:43] Frantic(141955699461718016) deleted 30 messages in channel general
[16/12/2017 00:52] Frantic(141955699461718016) deleted 150 messages in channel general
[16/12/2017 11:29] Frantic(141955699461718016) deleted 84 messages in channel eft-trade
[17/12/2017 11:29] Frantic(141955699461718016) deleted 74 messages in channel eft-trade
[18/12/2017 11:29] Frantic(141955699461718016) deleted 66 messages in channel eft-trade
[20/12/2017 11:29] Frantic(141955699461718016) deleted 83 messages in channel eft-trade
[21/12/2017 11:29] Frantic(141955699461718016) deleted 14 messages in channel eft-trade
[23/12/2017 11:29] Frantic(141955699461718016) deleted 19 messages in channel eft-trade
[24/12/2017 11:29] Frantic(141955699461718016) deleted 5 messages in channel eft-trade
[25/12/2017 11:29] Frantic(141955699461718016) deleted 3 messages in channel eft-trade
[26/12/2017 11:29] Frantic(141955699461718016) deleted 19 messages in channel eft-trade
[27/12/2017 11:29] Frantic(141955699461718016) deleted 147 messages in channel eft-trade
[28/12/2017 11:29] Frantic(141955699461718016) deleted 277 messages in channel eft-trade
